[debug] [2019-06-11T17:19:51.573Z] ----------------------------------------------------------------------
[debug] [2019-06-11T17:19:51.627Z] Command:       C:\Program Files\nodejs\node.exe C:\Users\User\AppData\Roaming\npm\node_modules\firebase-tools\lib\bin\firebase.js serve
[debug] [2019-06-11T17:19:51.628Z] CLI Version:   6.5.0
[debug] [2019-06-11T17:19:51.628Z] Platform:      win32
[debug] [2019-06-11T17:19:51.628Z] Node Version:  v8.15.0
[debug] [2019-06-11T17:19:51.635Z] Time:          Tue Jun 11 2019 23:19:51 GMT+0600 (Центральная Азия (зима))
[debug] [2019-06-11T17:19:51.636Z] ----------------------------------------------------------------------
[debug] 
[debug] [2019-06-11T17:19:51.875Z] > command requires scopes: ["email","openid","https://www.googleapis.com/auth/cloudplatformprojects.readonly","https://www.googleapis.com/auth/firebase","https://www.googleapis.com/auth/cloud-platform"]
[debug] [2019-06-11T17:19:51.876Z] > authorizing via signed-in user
[debug] [2019-06-11T17:19:51.877Z] [iam] checking project personal-page-dac5f for permissions ["firebase.projects.get"]
[debug] [2019-06-11T17:19:51.886Z] > refreshing access token with scopes: ["email","https://www.googleapis.com/auth/cloud-platform","https://www.googleapis.com/auth/cloudplatformprojects.readonly","https://www.googleapis.com/auth/firebase","openid"]
[debug] [2019-06-11T17:19:51.889Z] >>> HTTP REQUEST POST https://www.googleapis.com/oauth2/v3/token  
 <request body omitted>
[debug] [2019-06-11T17:19:53.080Z] <<< HTTP RESPONSE 200
[debug] [2019-06-11T17:19:53.456Z] >>> HTTP REQUEST POST https://cloudresourcemanager.googleapis.com/v1/projects/personal-page-dac5f:testIamPermissions  

[debug] [2019-06-11T17:19:56.301Z] <<< HTTP RESPONSE 200
[debug] [2019-06-11T17:19:56.308Z] >>> HTTP REQUEST GET https://cloudresourcemanager.googleapis.com/v1/projects/personal-page-dac5f  
 
[debug] [2019-06-11T17:20:39.349Z] Error: connect ETIMEDOUT 173.194.222.95:443
    at TCPConnectWrap.afterConnect [as oncomplete] (net.js:1191:14)
[error] 
[error] Error: Server Error. connect ETIMEDOUT 173.194.222.95:443
[debug] [2019-06-11T17:22:17.527Z] ----------------------------------------------------------------------
[debug] [2019-06-11T17:22:17.530Z] Command:       C:\Program Files\nodejs\node.exe C:\Users\User\AppData\Roaming\npm\node_modules\firebase-tools\lib\bin\firebase.js serve --only hosting
[debug] [2019-06-11T17:22:17.530Z] CLI Version:   6.5.0
[debug] [2019-06-11T17:22:17.530Z] Platform:      win32
[debug] [2019-06-11T17:22:17.531Z] Node Version:  v8.15.0
[debug] [2019-06-11T17:22:17.531Z] Time:          Tue Jun 11 2019 23:22:17 GMT+0600 (Центральная Азия (зима))
[debug] [2019-06-11T17:22:17.531Z] ----------------------------------------------------------------------
[debug] 
[debug] [2019-06-11T17:22:17.542Z] > command requires scopes: ["email","openid","https://www.googleapis.com/auth/cloudplatformprojects.readonly","https://www.googleapis.com/auth/firebase","https://www.googleapis.com/auth/cloud-platform"]
[debug] [2019-06-11T17:22:17.542Z] > authorizing via signed-in user
[debug] [2019-06-11T17:22:17.542Z] [iam] checking project personal-page-dac5f for permissions ["firebase.projects.get"]
[debug] [2019-06-11T17:22:17.545Z] >>> HTTP REQUEST POST https://cloudresourcemanager.googleapis.com/v1/projects/personal-page-dac5f:testIamPermissions  

[debug] [2019-06-11T17:22:18.893Z] <<< HTTP RESPONSE 200
[debug] [2019-06-11T17:22:18.900Z] >>> HTTP REQUEST GET https://cloudresourcemanager.googleapis.com/v1/projects/personal-page-dac5f  
 
[debug] [2019-06-11T17:22:20.045Z] <<< HTTP RESPONSE 200
[info] 
[info] === Serving from 'C:\coding\React Practice Course, learn by doing projects\nzmai_personal_website'...
[info] 
[debug] [2019-06-11T17:22:20.053Z] >>> HTTP REQUEST GET https://mobilesdk-pa.googleapis.com/v1/projects/355329486684/clients/_:getWebAppConfig  
 
[debug] [2019-06-11T17:22:20.842Z] <<< HTTP RESPONSE 200
[info] i  hosting: Serving hosting files from: build
[info] +  hosting: Local server: http://localhost:5000
